This is pdfTeX, Version 3.14159265-2.6-1.40.19 (MiKTeX 2.9.6930 64-bit) (preloaded format=pdflatex 2020.5.5)  9 JAN 2021 22:15
entering extended mode
**./report.tex
(report.tex
LaTeX2e <2018-12-01>
("C:\Users\ttosu\AppData\Local\Programs\MiKTeX 2.9\tex/latex/base\article.cls"
Document Class: article 2018/09/03 v1.4i Standard LaTeX document class
("C:\Users\ttosu\AppData\Local\Programs\MiKTeX 2.9\tex/latex/base\size10.clo"
File: size10.clo 2018/09/03 v1.4i Standard LaTeX file (size option)
)
\c@part=\count80
\c@section=\count81
\c@subsection=\count82
\c@subsubsection=\count83
\c@paragraph=\count84
\c@subparagraph=\count85
\c@figure=\count86
\c@table=\count87
\abovecaptionskip=\skip41
\belowcaptionskip=\skip42
\bibindent=\dimen102
) ("C:\Users\ttosu\AppData\Local\Programs\MiKTeX 2.9\tex/latex/base\inputenc.st
y"
Package: inputenc 2018/08/11 v1.3c Input encoding file
\inpenc@prehook=\toks14
\inpenc@posthook=\toks15
) ("C:\Users\ttosu\AppData\Local\Programs\MiKTeX 2.9\tex/latex/tools\array.sty"
Package: array 2018/11/13 v2.4j Tabular extension package (FMi)
\col@sep=\dimen103
\ar@mcellbox=\box27
\extrarowheight=\dimen104
\NC@list=\toks16
\extratabsurround=\skip43
\backup@length=\skip44
\ar@cellbox=\box28
)
("C:\Users\ttosu\AppData\Local\Programs\MiKTeX 2.9\tex/latex/wrapfig\wrapfig.st
y"
\wrapoverhang=\dimen105
\WF@size=\dimen106
\c@WF@wrappedlines=\count88
\WF@box=\box29
\WF@everypar=\toks17
Package: wrapfig 2003/01/31  v 3.6
)
("C:\Users\ttosu\AppData\Local\Programs\MiKTeX 2.9\tex/latex/multirow\multirow.
sty"
Package: multirow 2019/01/01 v2.4 Span multiple rows of a table
\multirow@colwidth=\skip45
\multirow@cntb=\count89
\multirow@dima=\skip46
\bigstrutjot=\dimen107
) ("C:\Users\ttosu\AppData\Local\Programs\MiKTeX 2.9\tex/latex/tabu\tabu.sty"
Package: tabu 2019/01/11 v2.9 - flexible LaTeX tabulars (FC+tabu-fixed)

("C:\Users\ttosu\AppData\Local\Programs\MiKTeX 2.9\tex/latex/varwidth\varwidth.
sty"
Package: varwidth 2009/03/30 ver 0.92;  Variable-width minipages
\@vwid@box=\box30
\sift@deathcycles=\count90
\@vwid@loff=\dimen108
\@vwid@roff=\dimen109
)
\c@taburow=\count91
\tabu@nbcols=\count92
\tabu@cnt=\count93
\tabu@Xcol=\count94
\tabu@alloc=\count95
\tabu@nested=\count96
\tabu@target=\dimen110
\tabu@spreadtarget=\dimen111
\tabu@naturalX=\dimen112
\tabucolX=\dimen113
\tabu@Xsum=\dimen114
\extrarowdepth=\dimen115
\abovetabulinesep=\dimen116
\belowtabulinesep=\dimen117
\tabustrutrule=\dimen118
\tabu@thebody=\toks18
\tabu@footnotes=\toks19
\tabu@box=\box31
\tabu@arstrutbox=\box32
\tabu@hleads=\box33
\tabu@vleads=\box34
\tabu@cellskip=\skip47
)
("C:\Users\ttosu\AppData\Local\Programs\MiKTeX 2.9\tex/latex/graphics\graphicx.
sty"
Package: graphicx 2017/06/01 v1.1a Enhanced LaTeX Graphics (DPC,SPQR)

("C:\Users\ttosu\AppData\Local\Programs\MiKTeX 2.9\tex/latex/graphics\keyval.st
y"
Package: keyval 2014/10/28 v1.15 key=value parser (DPC)
\KV@toks@=\toks20
)
("C:\Users\ttosu\AppData\Local\Programs\MiKTeX 2.9\tex/latex/graphics\graphics.
sty"
Package: graphics 2017/06/25 v1.2c Standard LaTeX Graphics (DPC,SPQR)

("C:\Users\ttosu\AppData\Local\Programs\MiKTeX 2.9\tex/latex/graphics\trig.sty"
Package: trig 2016/01/03 v1.10 sin cos tan (DPC)
)
("C:\Users\ttosu\AppData\Local\Programs\MiKTeX 2.9\tex/latex/graphics-cfg\graph
ics.cfg"
File: graphics.cfg 2016/06/04 v1.11 sample graphics configuration
)
Package graphics Info: Driver file: pdftex.def on input line 99.

("C:\Users\ttosu\AppData\Local\Programs\MiKTeX 2.9\tex/latex/graphics-def\pdfte
x.def"
File: pdftex.def 2018/01/08 v1.0l Graphics/color driver for pdftex
))
\Gin@req@height=\dimen119
\Gin@req@width=\dimen120
) (report.aux)
\openout1 = `report.aux'.

LaTeX Font Info:    Checking defaults for OML/cmm/m/it on input line 12.
LaTeX Font Info:    ... okay on input line 12.
LaTeX Font Info:    Checking defaults for T1/cmr/m/n on input line 12.
LaTeX Font Info:    ... okay on input line 12.
LaTeX Font Info:    Checking defaults for OT1/cmr/m/n on input line 12.
LaTeX Font Info:    ... okay on input line 12.
LaTeX Font Info:    Checking defaults for OMS/cmsy/m/n on input line 12.
LaTeX Font Info:    ... okay on input line 12.
LaTeX Font Info:    Checking defaults for OMX/cmex/m/n on input line 12.
LaTeX Font Info:    ... okay on input line 12.
LaTeX Font Info:    Checking defaults for U/cmr/m/n on input line 12.
LaTeX Font Info:    ... okay on input line 12.

("C:\Users\ttosu\AppData\Local\Programs\MiKTeX 2.9\tex/context/base/mkii\supp-p
df.mkii"
[Loading MPS to PDF converter (version 2006.09.02).]
\scratchcounter=\count97
\scratchdimen=\dimen121
\scratchbox=\box35
\nofMPsegments=\count98
\nofMParguments=\count99
\everyMPshowfont=\toks21
\MPscratchCnt=\count100
\MPscratchDim=\dimen122
\MPnumerator=\count101
\makeMPintoPDFobject=\count102
\everyMPtoPDFconversion=\toks22
)
("C:\Users\ttosu\AppData\Local\Programs\MiKTeX 2.9\tex/latex/oberdiek\epstopdf-
base.sty"
Package: epstopdf-base 2016/05/15 v2.6 Base part for package epstopdf

("C:\Users\ttosu\AppData\Local\Programs\MiKTeX 2.9\tex/generic/oberdiek\infware
rr.sty"
Package: infwarerr 2016/05/16 v1.4 Providing info/warning/error messages (HO)
)
("C:\Users\ttosu\AppData\Local\Programs\MiKTeX 2.9\tex/latex/oberdiek\grfext.st
y"
Package: grfext 2016/05/16 v1.2 Manage graphics extensions (HO)

("C:\Users\ttosu\AppData\Local\Programs\MiKTeX 2.9\tex/generic/oberdiek\kvdefin
ekeys.sty"
Package: kvdefinekeys 2016/05/16 v1.4 Define keys (HO)

("C:\Users\ttosu\AppData\Local\Programs\MiKTeX 2.9\tex/generic/oberdiek\ltxcmds
.sty"
Package: ltxcmds 2016/05/16 v1.23 LaTeX kernel commands for general use (HO)
)))
("C:\Users\ttosu\AppData\Local\Programs\MiKTeX 2.9\tex/latex/oberdiek\kvoptions
.sty"
Package: kvoptions 2016/05/16 v3.12 Key value format for package options (HO)

("C:\Users\ttosu\AppData\Local\Programs\MiKTeX 2.9\tex/generic/oberdiek\kvsetke
ys.sty"
Package: kvsetkeys 2016/05/16 v1.17 Key value parser (HO)

("C:\Users\ttosu\AppData\Local\Programs\MiKTeX 2.9\tex/generic/oberdiek\etexcmd
s.sty"
Package: etexcmds 2016/05/16 v1.6 Avoid name clashes with e-TeX commands (HO)

("C:\Users\ttosu\AppData\Local\Programs\MiKTeX 2.9\tex/generic/oberdiek\ifluate
x.sty"
Package: ifluatex 2016/05/16 v1.4 Provides the ifluatex switch (HO)
Package ifluatex Info: LuaTeX not detected.
))))
("C:\Users\ttosu\AppData\Local\Programs\MiKTeX 2.9\tex/generic/oberdiek\pdftexc
mds.sty"
Package: pdftexcmds 2018/09/10 v0.29 Utility functions of pdfTeX for LuaTeX (HO
)

("C:\Users\ttosu\AppData\Local\Programs\MiKTeX 2.9\tex/generic/oberdiek\ifpdf.s
ty"
Package: ifpdf 2018/09/07 v3.3 Provides the ifpdf switch
)
Package pdftexcmds Info: LuaTeX not detected.
Package pdftexcmds Info: \pdf@primitive is available.
Package pdftexcmds Info: \pdf@ifprimitive is available.
Package pdftexcmds Info: \pdfdraftmode found.
)
Package epstopdf-base Info: Redefining graphics rule for `.eps' on input line 4
38.
Package grfext Info: Graphics extension search list:
(grfext)             [.pdf,.png,.jpg,.mps,.jpeg,.jbig2,.jb2,.PDF,.PNG,.JPG,.JPE
G,.JBIG2,.JB2,.eps]
(grfext)             \AppendGraphicsExtensions on input line 456.
)
LaTeX Font Info:    External font `cmex10' loaded for size
(Font)              <12> on input line 14.
LaTeX Font Info:    External font `cmex10' loaded for size
(Font)              <8> on input line 14.
LaTeX Font Info:    External font `cmex10' loaded for size
(Font)              <6> on input line 14.

Underfull \hbox (badness 10000) in paragraph at lines 36--38

 []

[1

{C:/Users/ttosu/AppData/Local/MiKTeX/2.9/pdftex/config/pdftex.map}]
LaTeX Font Info:    External font `cmex10' loaded for size
(Font)              <7> on input line 39.
LaTeX Font Info:    External font `cmex10' loaded for size
(Font)              <5> on input line 39.
<hw3images/svmfirstpartc=0d01.png, id=9, 462.528pt x 346.896pt>
File: hw3images/svmfirstpartc=0d01.png Graphic file (type png)
<use hw3images/svmfirstpartc=0d01.png>
Package pdftex.def Info: hw3images/svmfirstpartc=0d01.png  used on input line 4
0.
(pdftex.def)             Requested size: 185.0079pt x 138.75594pt.
<hw3images/svmfirstpartc=0d1.png, id=11, 462.528pt x 346.896pt>
File: hw3images/svmfirstpartc=0d1.png Graphic file (type png)
<use hw3images/svmfirstpartc=0d1.png>
Package pdftex.def Info: hw3images/svmfirstpartc=0d1.png  used on input line 40
.
(pdftex.def)             Requested size: 185.0079pt x 138.75594pt.
<hw3images/svmfirstpartc=1.png, id=12, 462.528pt x 346.896pt>
File: hw3images/svmfirstpartc=1.png Graphic file (type png)
<use hw3images/svmfirstpartc=1.png>
Package pdftex.def Info: hw3images/svmfirstpartc=1.png  used on input line 42.
(pdftex.def)             Requested size: 185.0079pt x 138.75594pt.
<hw3images/svmfirstpartc=10.png, id=13, 462.528pt x 346.896pt>
File: hw3images/svmfirstpartc=10.png Graphic file (type png)
<use hw3images/svmfirstpartc=10.png>
Package pdftex.def Info: hw3images/svmfirstpartc=10.png  used on input line 42.

(pdftex.def)             Requested size: 185.0079pt x 138.75594pt.
<hw3images/svmfirstpartc=100.png, id=14, 462.528pt x 346.896pt>
File: hw3images/svmfirstpartc=100.png Graphic file (type png)
<use hw3images/svmfirstpartc=100.png>
Package pdftex.def Info: hw3images/svmfirstpartc=100.png  used on input line 44
.
(pdftex.def)             Requested size: 185.0079pt x 138.75594pt.

Overfull \hbox (64.4158pt too wide) in paragraph at lines 39--47
[][] 
 []

<hw3images/svmsecondarypartlinearkernel.png, id=15, 462.528pt x 346.896pt>
File: hw3images/svmsecondarypartlinearkernel.png Graphic file (type png)
<use hw3images/svmsecondarypartlinearkernel.png>
Package pdftex.def Info: hw3images/svmsecondarypartlinearkernel.png  used on in
put line 50.
(pdftex.def)             Requested size: 185.0079pt x 138.75594pt.
<hw3images/svmsecondarypartrbfkernel.png, id=16, 462.528pt x 346.896pt>
File: hw3images/svmsecondarypartrbfkernel.png Graphic file (type png)
<use hw3images/svmsecondarypartrbfkernel.png>
Package pdftex.def Info: hw3images/svmsecondarypartrbfkernel.png  used on input
 line 50.
(pdftex.def)             Requested size: 185.0079pt x 138.75594pt.
<hw3images/svmsecondarypartpolynomialkernel.png, id=17, 462.528pt x 346.896pt>
File: hw3images/svmsecondarypartpolynomialkernel.png Graphic file (type png)
<use hw3images/svmsecondarypartpolynomialkernel.png>
Package pdftex.def Info: hw3images/svmsecondarypartpolynomialkernel.png  used o
n input line 52.
(pdftex.def)             Requested size: 185.0079pt x 138.75594pt.
<hw3images/svmsecondarypartsigmoidkernel.png, id=18, 462.528pt x 346.896pt>
File: hw3images/svmsecondarypartsigmoidkernel.png Graphic file (type png)
<use hw3images/svmsecondarypartsigmoidkernel.png>
Package pdftex.def Info: hw3images/svmsecondarypartsigmoidkernel.png  used on i
nput line 52.
(pdftex.def)             Requested size: 185.0079pt x 138.75594pt.

Overfull \hbox (49.4158pt too wide) in paragraph at lines 48--55
[] 
 []

[2 <./hw3images/svmfirstpartc=0d01.png> <./hw3images/svmfirstpartc=0d1.png> <./
hw3images/svmfirstpartc=1.png> <./hw3images/svmfirstpartc=10.png> <./hw3images/
svmfirstpartc=100.png>]

LaTeX Warning: `h' float specifier changed to `ht'.


LaTeX Warning: `h' float specifier changed to `ht'.


LaTeX Warning: `!h' float specifier changed to `!ht'.

[3 <./hw3images/svmsecondarypartlinearkernel.png> <./hw3images/svmsecondarypart
rbfkernel.png> <./hw3images/svmsecondarypartpolynomialkernel.png> <./hw3images/
svmsecondarypartsigmoidkernel.png>] [4] [5] (report.aux) ) 
Here is how much of TeX's memory you used:
 2401 strings out of 492946
 36478 string characters out of 3126267
 108589 words of memory out of 3000000
 6277 multiletter control sequences out of 15000+200000
 7895 words of font info for 28 fonts, out of 3000000 for 9000
 1141 hyphenation exceptions out of 8191
 41i,11n,25p,372b,196s stack positions out of 5000i,500n,10000p,200000b,50000s
<C:/Users/ttosu/AppDa
ta/Local/Programs/MiKTeX 2.9/fonts/type1/public/amsfonts/cm/cmbx10.pfb><C:/User
s/ttosu/AppData/Local/Programs/MiKTeX 2.9/fonts/type1/public/amsfonts/cm/cmbx12
.pfb><C:/Users/ttosu/AppData/Local/Programs/MiKTeX 2.9/fonts/type1/public/amsfo
nts/cm/cmr10.pfb><C:/Users/ttosu/AppData/Local/Programs/MiKTeX 2.9/fonts/type1/
public/amsfonts/cm/cmr12.pfb><C:/Users/ttosu/AppData/Local/Programs/MiKTeX 2.9/
fonts/type1/public/amsfonts/cm/cmr17.pfb>
Output written on report.pdf (5 pages, 338858 bytes).
PDF statistics:
 57 PDF objects out of 1000 (max. 8388607)
 0 named destinations out of 1000 (max. 500000)
 46 words of extra memory for PDF output out of 10000 (max. 10000000)

